# JRE version: Java(TM) SE Runtime Environment (15.0.1+9) (build 15.0.1+9-18)
# Java VM: Java HotSpot(TM) 64-Bit Server VM (15.0.1+9-18, mixed mode, sharing, tiered, compressed oops, g1 gc, windows-amd64)
GC Precious Log:
 CPUs: 4 total, 4 available
 Memory: 4006M
 Large Page Support: Disabled
 NUMA Support: Disabled
 Compressed Oops: Enabled (32-bit)
 Heap Region Size: 1M
 Heap Min Capacity: 8M
 Heap Initial Capacity: 64M
 Heap Max Capacity: 1002M
 Pre-touch: Disabled
 Parallel Workers: 4
 Concurrent Workers: 1
 Concurrent Refinement Workers: 4
 Periodic GC: Disabled
Heap:
 garbage-first heap   total 67584K, used 17342K [0x00000000c1600000, 0x0000000100000000)
  region size 1024K, 2 young (2048K), 2 survivors (2048K)
 Metaspace       used 30482K, capacity 31023K, committed 31152K, reserved 1093632K
  class space    used 4107K, capacity 4252K, committed 4352K, reserved 1048576K
GC Heap History (20 events):
Event: 2.130 GC heap after
{Heap after GC invocations=1 (full 0):
 garbage-first heap   total 65536K, used 6114K [0x00000000c1600000, 0x0000000100000000)
  region size 1024K, 2 young (2048K), 2 survivors (2048K)
 Metaspace       used 4868K, capacity 5122K, committed 5376K, reserved 1056768K
  class space    used 602K, capacity 644K, committed 768K, reserved 1048576K
}
Event: 2.407 GC heap before
{Heap before GC invocations=1 (full 0):
 garbage-first heap   total 65536K, used 12258K [0x00000000c1600000, 0x0000000100000000)
  region size 1024K, 8 young (8192K), 2 survivors (2048K)
 Metaspace       used 6406K, capacity 6623K, committed 6784K, reserved 1056768K
  class space    used 797K, capacity 867K, committed 896K, reserved 1048576K
}
Event: 2.414 GC heap after
{Heap after GC invocations=2 (full 0):
 garbage-first heap   total 65536K, used 7330K [0x00000000c1600000, 0x0000000100000000)
  region size 1024K, 1 young (1024K), 1 survivors (1024K)
 Metaspace       used 6406K, capacity 6623K, committed 6784K, reserved 1056768K
  class space    used 797K, capacity 867K, committed 896K, reserved 1048576K
}
Event: 2.797 GC heap before
{Heap before GC invocations=2 (full 0):
 garbage-first heap   total 65536K, used 25762K [0x00000000c1600000, 0x0000000100000000)
  region size 1024K, 20 young (20480K), 1 survivors (1024K)
 Metaspace       used 7563K, capacity 7837K, committed 8064K, reserved 1056768K
  class space    used 949K, capacity 1037K, committed 1152K, reserved 1048576K
}
Event: 2.803 GC heap after
{Heap after GC invocations=3 (full 0):
 garbage-first heap   total 65536K, used 7766K [0x00000000c1600000, 0x0000000100000000)
  region size 1024K, 2 young (2048K), 2 survivors (2048K)
 Metaspace       used 7563K, capacity 7837K, committed 8064K, reserved 1056768K
  class space    used 949K, capacity 1037K, committed 1152K, reserved 1048576K
}
Event: 3.888 GC heap before
{Heap before GC invocations=3 (full 0):
 garbage-first heap   total 65536K, used 37462K [0x00000000c1600000, 0x0000000100000000)
  region size 1024K, 32 young (32768K), 2 survivors (2048K)
 Metaspace       used 14525K, capacity 14754K, committed 14848K, reserved 1062912K
  class space    used 1953K, capacity 2034K, committed 2048K, reserved 1048576K
}
Event: 3.896 GC heap after
{Heap after GC invocations=4 (full 0):
 garbage-first heap   total 65536K, used 9684K [0x00000000c1600000, 0x0000000100000000)
  region size 1024K, 4 young (4096K), 4 survivors (4096K)
 Metaspace       used 14525K, capacity 14754K, committed 14848K, reserved 1062912K
  class space    used 1953K, capacity 2034K, committed 2048K, reserved 1048576K
}
Event: 4.774 GC heap before
{Heap before GC invocations=4 (full 0):
 garbage-first heap   total 65536K, used 36308K [0x00000000c1600000, 0x0000000100000000)
  region size 1024K, 32 young (32768K), 4 survivors (4096K)
 Metaspace       used 20776K, capacity 21146K, committed 21296K, reserved 1067008K
  class space    used 2755K, capacity 2879K, committed 2944K, reserved 1048576K
}
Event: 4.784 GC heap after
{Heap after GC invocations=5 (full 0):
 garbage-first heap   total 65536K, used 11041K [0x00000000c1600000, 0x0000000100000000)
  region size 1024K, 4 young (4096K), 4 survivors (4096K)
 Metaspace       used 20776K, capacity 21146K, committed 21296K, reserved 1067008K
  class space    used 2755K, capacity 2879K, committed 2944K, reserved 1048576K
}
Event: 6.111 GC heap before
{Heap before GC invocations=6 (full 0):
 garbage-first heap   total 45056K, used 42785K [0x00000000c1600000, 0x0000000100000000)
  region size 1024K, 36 young (36864K), 4 survivors (4096K)
 Metaspace       used 23023K, capacity 23420K, committed 23728K, reserved 1069056K
  class space    used 3064K, capacity 3201K, committed 3328K, reserved 1048576K
}
Event: 6.124 GC heap after
{Heap after GC invocations=7 (full 0):
 garbage-first heap   total 51200K, used 12893K [0x00000000c1600000, 0x0000000100000000)
  region size 1024K, 4 young (4096K), 4 survivors (4096K)
 Metaspace       used 23023K, capacity 23420K, committed 23728K, reserved 1069056K
  class space    used 3064K, capacity 3201K, committed 3328K, reserved 1048576K
}
Event: 6.731 GC heap before
{Heap before GC invocations=7 (full 0):
 garbage-first heap   total 51200K, used 36445K [0x00000000c1600000, 0x0000000100000000)
  region size 1024K, 27 young (27648K), 4 survivors (4096K)
 Metaspace       used 24016K, capacity 24449K, committed 24624K, reserved 1071104K
  class space    used 3212K, capacity 3344K, committed 3456K, reserved 1048576K
}
Event: 6.742 GC heap after
{Heap after GC invocations=8 (full 0):
 garbage-first heap   total 61440K, used 14009K [0x00000000c1600000, 0x0000000100000000)
  region size 1024K, 2 young (2048K), 2 survivors (2048K)
 Metaspace       used 24016K, capacity 24449K, committed 24624K, reserved 1071104K
  class space    used 3212K, capacity 3344K, committed 3456K, reserved 1048576K
}
Event: 7.797 GC heap before
{Heap before GC invocations=8 (full 0):
 garbage-first heap   total 61440K, used 44729K [0x00000000c1600000, 0x0000000100000000)
  region size 1024K, 32 young (32768K), 2 survivors (2048K)
 Metaspace       used 26413K, capacity 26918K, committed 27056K, reserved 1073152K
  class space    used 3588K, capacity 3750K, committed 3840K, reserved 1048576K
}
Event: 7.806 GC heap after
{Heap after GC invocations=9 (full 0):
 garbage-first heap   total 61440K, used 15824K [0x00000000c1600000, 0x0000000100000000)
  region size 1024K, 4 young (4096K), 4 survivors (4096K)
 Metaspace       used 26413K, capacity 26918K, committed 27056K, reserved 1073152K
  class space    used 3588K, capacity 3750K, committed 3840K, reserved 1048576K
}
Event: 8.402 GC heap before
{Heap before GC invocations=9 (full 0):
 garbage-first heap   total 61440K, used 27088K [0x00000000c1600000, 0x0000000100000000)
  region size 1024K, 16 young (16384K), 4 survivors (4096K)
 Metaspace       used 28444K, capacity 28951K, committed 29104K, reserved 1081344K
  class space    used 3844K, capacity 3992K, committed 4096K, reserved 1048576K
}
Event: 8.416 GC heap after
{Heap after GC invocations=10 (full 0):
 garbage-first heap   total 61440K, used 16773K [0x00000000c1600000, 0x0000000100000000)
  region size 1024K, 3 young (3072K), 3 survivors (3072K)
 Metaspace       used 28444K, capacity 28951K, committed 29104K, reserved 1081344K
  class space    used 3844K, capacity 3992K, committed 4096K, reserved 1048576K
}
Event: 8.601 GC heap before
{Heap before GC invocations=11 (full 0):
 garbage-first heap   total 61440K, used 19845K [0x00000000c1600000, 0x0000000100000000)
  region size 1024K, 7 young (7168K), 3 survivors (3072K)
 Metaspace       used 29465K, capacity 30007K, committed 30128K, reserved 1081344K
  class space    used 3955K, capacity 4088K, committed 4096K, reserved 1048576K
}
Event: 8.612 GC heap after
{Heap after GC invocations=12 (full 0):
 garbage-first heap   total 61440K, used 17135K [0x00000000c1600000, 0x0000000100000000)
  region size 1024K, 2 young (2048K), 2 survivors (2048K)
 Metaspace       used 29465K, capacity 30007K, committed 30128K, reserved 1081344K
  class space    used 3955K, capacity 4088K, committed 4096K, reserved 1048576K
}
Event: 9.537 GC heap before
{Heap before GC invocations=13 (full 0):
 garbage-first heap   total 61440K, used 21231K [0x00000000c1600000, 0x0000000100000000)
  region size 1024K, 7 young (7168K), 2 survivors (2048K)
 Metaspace       used 30482K, capacity 31023K, committed 31152K, reserved 1093632K
  class space    used 4107K, capacity 4252K, committed 4352K, reserved 1048576K
}

